2024-09-07 18:38:00,395  - INFO - product task started.
2024-09-07 18:38:00,554 - INFO - product task ended.
2024-09-07 18:38:00,554 - INFO - profile task started.
2024-09-07 18:38:00,627 - INFO - product task ended.
2024-09-07 18:38:00,627 - INFO - questions task started.
2024-09-07 18:38:00,657 - INFO - product task ended.
2024-09-07 18:38:00,657 - INFO - warehouse task started.
2024-09-07 18:38:00,712 - INFO - warehouse task ended.
2024-09-07 18:38:00,712 - INFO - supplier_conv task started.
2024-09-16 17:59:12,185 - INFO - product task started.
2024-09-16 17:59:12,358 - INFO - product task ended.
2024-09-16 17:59:12,358 - INFO - profile task started.
2024-09-16 17:59:12,431 - INFO - profile task ended.
2024-09-16 17:59:12,431 - INFO - questions task started.
2024-09-16 17:59:12,459 - INFO - questions task ended.
2024-09-16 17:59:12,459 - INFO - warehouse task started.
2024-09-16 17:59:12,514 - INFO - warehouse task ended.
2024-09-16 17:59:12,514 - INFO - supplier_conv task started.
2024-09-16 18:08:57,350 - INFO - product task started.
2024-09-16 18:08:57,479 - INFO - product task ended.
2024-09-16 18:08:57,479 - INFO - profile task started.
2024-09-16 18:08:57,547 - INFO - profile task ended.
2024-09-16 18:08:57,547 - INFO - questions task started.
2024-09-16 18:08:57,578 - INFO - questions task ended.
2024-09-16 18:08:57,578 - INFO - warehouse task started.
2024-09-16 18:08:57,632 - INFO - warehouse task ended.
2024-09-16 18:08:57,632 - INFO - supplier_conv task started.
2024-09-16 19:39:26,554 - INFO - supplier_conv task error.
2024-09-16 19:39:31,165 - INFO - supplier_conv task ended.
2024-09-16 19:39:31,165 - INFO - responses task started.
2024-09-16 19:39:31,182 - INFO - responses task ended.
2024-09-16 19:39:31,185 - INFO - supplier_updater task started.
2024-09-16 19:39:31,334 - INFO - supplier_updater task ended.
2024-09-16 20:59:44,998 - INFO - product task started.
2024-09-16 20:59:45,150 - INFO - product task ended.
2024-09-16 20:59:45,150 - INFO - profile task started.
2024-09-16 20:59:45,213 - INFO - profile task ended.
2024-09-16 20:59:45,213 - INFO - questions task started.
2024-09-16 20:59:45,270 - INFO - questions task ended.
2024-09-16 20:59:45,270 - INFO - warehouse task started.
2024-09-16 20:59:45,333 - INFO - warehouse task ended.
2024-09-16 20:59:45,333 - INFO - supplier_conv task started.
2024-09-16 20:59:47,066 - INFO - supplier_conv task ended.
2024-09-16 20:59:47,067 - INFO - responses task started.
2024-09-16 20:59:47,067 - INFO - responses task ended.
2024-09-16 20:59:47,067 - INFO - supplier_updater task started.
2024-09-16 20:59:47,072 - INFO - supplier_updater task ended.
2024-09-16 21:02:40,946 - INFO - product task started.
2024-09-16 21:02:41,067 - INFO - product task ended.
2024-09-16 21:02:41,067 - INFO - profile task started.
2024-09-16 21:02:41,127 - INFO - profile task ended.
2024-09-16 21:02:41,127 - INFO - questions task started.
2024-09-16 21:02:41,154 - INFO - questions task ended.
2024-09-16 21:02:41,154 - INFO - warehouse task started.
2024-09-16 21:02:41,201 - INFO - warehouse task ended.
2024-09-16 21:02:41,202 - INFO - supplier_conv task started.
2024-09-16 21:02:54,895 - INFO - supplier_conv task ended.
2024-09-16 21:02:54,895 - INFO - responses task started.
2024-09-16 21:02:54,895 - INFO - responses task ended.
2024-09-16 21:02:54,895 - INFO - supplier_updater task started.
2024-09-16 21:02:54,900 - INFO - supplier_updater task ended.
2024-09-16 21:03:34,002 - INFO - product task started.
2024-09-16 21:03:34,119 - INFO - product task ended.
2024-09-16 21:03:34,119 - INFO - profile task started.
2024-09-16 21:03:34,180 - INFO - profile task ended.
2024-09-16 21:03:34,180 - INFO - questions task started.
2024-09-16 21:03:34,210 - INFO - questions task ended.
2024-09-16 21:03:34,210 - INFO - warehouse task started.
2024-09-16 21:03:34,259 - INFO - warehouse task ended.
2024-09-16 21:03:34,259 - INFO - supplier_conv task started.
2024-09-16 21:03:35,959 - INFO - supplier_conv task ended.
2024-09-16 21:03:35,959 - INFO - responses task started.
2024-09-16 21:03:35,959 - INFO - responses task ended.
2024-09-16 21:03:35,959 - INFO - supplier_updater task started.
2024-09-16 21:03:35,965 - INFO - supplier_updater task ended.
2024-09-16 21:04:46,252 - INFO - product task started.
2024-09-16 21:04:46,369 - INFO - product task ended.
2024-09-16 21:04:46,370 - INFO - profile task started.
2024-09-16 21:04:46,431 - INFO - profile task ended.
2024-09-16 21:04:46,431 - INFO - questions task started.
2024-09-16 21:04:46,458 - INFO - questions task ended.
2024-09-16 21:04:46,458 - INFO - warehouse task started.
2024-09-16 21:04:46,506 - INFO - warehouse task ended.
2024-09-16 21:04:46,506 - INFO - supplier_conv task started.
2024-09-16 21:05:00,255 - INFO - supplier_conv task ended.
2024-09-16 21:05:00,255 - INFO - responses task started.
2024-09-16 21:05:00,255 - INFO - responses task ended.
2024-09-16 21:05:00,255 - INFO - supplier_updater task started.
2024-09-16 21:05:00,260 - INFO - supplier_updater task ended.
2024-09-16 21:06:50,792 - INFO - product task started.
2024-09-16 21:06:50,909 - INFO - product task ended.
2024-09-16 21:06:50,909 - INFO - profile task started.
2024-09-16 21:06:50,969 - INFO - profile task ended.
2024-09-16 21:06:50,969 - INFO - questions task started.
2024-09-16 21:06:50,996 - INFO - questions task ended.
2024-09-16 21:06:50,996 - INFO - warehouse task started.
2024-09-16 21:06:51,044 - INFO - warehouse task ended.
2024-09-16 21:06:51,044 - INFO - supplier_conv task started.
2024-09-16 21:06:52,737 - INFO - supplier_conv task ended.
2024-09-16 21:06:52,738 - INFO - responses task started.
2024-09-16 21:07:09,243 - INFO - responses task ended.
2024-09-16 21:07:09,243 - INFO - supplier_updater task started.
2024-09-16 21:24:14,521 - INFO - supplier_updater task ended.
2024-09-18 15:03:35,207 - INFO - product task started.
2024-09-18 15:03:35,356 - INFO - product task ended.
2024-09-18 15:03:35,356 - INFO - profile task started.
2024-09-18 15:03:35,419 - INFO - profile task ended.
2024-09-18 15:03:35,419 - INFO - questions task started.
2024-09-18 15:03:35,449 - INFO - questions task ended.
2024-09-18 15:03:35,449 - INFO - warehouse task started.
2024-09-18 15:03:35,497 - INFO - warehouse task ended.
2024-09-18 15:03:35,497 - INFO - supplier_conv task started.
2024-09-18 15:03:37,250 - INFO - supplier_conv task ended.
2024-09-18 15:03:37,250 - INFO - responses task started.
2024-09-18 15:03:53,291 - INFO - responses task ended.
2024-09-18 15:03:53,291 - INFO - supplier_updater task started.
2024-09-18 15:13:47,522 - INFO - product task started.
2024-09-18 15:13:47,662 - INFO - product task ended.
2024-09-18 15:13:47,662 - INFO - profile task started.
2024-09-18 15:13:47,725 - INFO - profile task ended.
2024-09-18 15:13:47,725 - INFO - questions task started.
2024-09-18 15:13:47,754 - INFO - questions task ended.
2024-09-18 15:13:47,754 - INFO - warehouse task started.
2024-09-18 15:13:47,802 - INFO - warehouse task ended.
2024-09-18 15:13:47,802 - INFO - supplier_conv task started.
2024-09-18 15:13:49,562 - INFO - supplier_conv task ended.
2024-09-18 15:13:49,562 - INFO - responses task started.
2024-09-18 15:14:05,296 - INFO - responses task ended.
2024-09-18 15:14:05,296 - INFO - supplier_updater task started.
2024-09-18 15:24:56,679 - INFO - product task started.
2024-09-18 15:24:56,830 - INFO - product task ended.
2024-09-18 15:24:56,830 - INFO - profile task started.
2024-09-18 15:24:56,893 - INFO - profile task ended.
2024-09-18 15:24:56,893 - INFO - questions task started.
2024-09-18 15:24:56,924 - INFO - questions task ended.
2024-09-18 15:24:56,924 - INFO - warehouse task started.
2024-09-18 15:24:56,972 - INFO - warehouse task ended.
2024-09-18 15:24:56,972 - INFO - supplier_conv task started.
2024-09-18 15:25:31,162 - INFO - product task started.
2024-09-18 15:25:31,295 - INFO - product task ended.
2024-09-18 15:25:31,295 - INFO - profile task started.
2024-09-18 15:25:31,357 - INFO - profile task ended.
2024-09-18 15:25:31,357 - INFO - questions task started.
2024-09-18 15:25:31,386 - INFO - questions task ended.
2024-09-18 15:25:31,387 - INFO - warehouse task started.
2024-09-18 15:25:31,436 - INFO - warehouse task ended.
2024-09-18 15:25:31,436 - INFO - supplier_conv task started.
2024-09-18 15:25:33,173 - INFO - supplier_conv task ended.
2024-09-18 15:25:33,173 - INFO - responses task started.
2024-09-18 15:25:49,481 - INFO - responses task ended.
2024-09-18 15:25:49,481 - INFO - supplier_updater task started.
2024-09-18 15:30:04,972 - INFO - product task started.
2024-09-18 15:30:05,112 - INFO - product task ended.
2024-09-18 15:30:05,112 - INFO - profile task started.
2024-09-18 15:30:05,171 - INFO - profile task ended.
2024-09-18 15:30:05,171 - INFO - questions task started.
2024-09-18 15:30:05,199 - INFO - questions task ended.
2024-09-18 15:30:05,199 - INFO - warehouse task started.
2024-09-18 15:30:05,246 - INFO - warehouse task ended.
2024-09-18 15:30:05,246 - INFO - supplier_conv task started.
2024-09-18 15:30:06,988 - INFO - supplier_conv task ended.
2024-09-18 15:30:06,988 - INFO - responses task started.
2024-09-18 15:30:06,988 - INFO - responses task ended.
2024-09-18 15:30:06,988 - INFO - supplier_updater task started.
2024-09-18 15:32:07,606 - INFO - product task started.
2024-09-18 15:32:07,725 - INFO - product task ended.
2024-09-18 15:32:07,725 - INFO - profile task started.
2024-09-18 15:32:07,786 - INFO - profile task ended.
2024-09-18 15:32:07,787 - INFO - questions task started.
2024-09-18 15:32:07,814 - INFO - questions task ended.
2024-09-18 15:32:07,814 - INFO - warehouse task started.
2024-09-18 15:32:07,862 - INFO - warehouse task ended.
2024-09-18 15:32:07,862 - INFO - supplier_conv task started.
2024-09-18 15:32:22,660 - INFO - supplier_conv task ended.
2024-09-18 15:32:22,661 - INFO - responses task started.
2024-09-18 15:32:22,661 - INFO - responses task ended.
2024-09-18 15:32:22,661 - INFO - supplier_updater task started.
2024-09-18 15:32:22,672 - INFO - supplier_updater task ended.
2024-09-18 15:33:11,212 - INFO - product task started.
2024-09-18 15:33:11,358 - INFO - product task ended.
2024-09-18 15:33:11,358 - INFO - profile task started.
2024-09-18 15:33:11,422 - INFO - profile task ended.
2024-09-18 15:33:11,422 - INFO - questions task started.
2024-09-18 15:33:11,451 - INFO - questions task ended.
2024-09-18 15:33:11,451 - INFO - warehouse task started.
2024-09-18 15:33:11,500 - INFO - warehouse task ended.
2024-09-18 15:33:11,500 - INFO - supplier_conv task started.
2024-09-18 15:33:51,233 - INFO - supplier_conv task error.
2024-09-18 15:33:51,234 - INFO - supplier_conv task ended.
2024-09-18 15:33:51,234 - INFO - responses task started.
2024-09-18 15:33:51,234 - INFO - responses task ended.
2024-09-18 15:33:51,234 - INFO - supplier_updater task started.
2024-09-18 15:33:51,244 - INFO - supplier_updater task ended.
2024-09-18 16:03:04,772 - INFO - product task started.
2024-09-18 16:03:04,932 - INFO - product task ended.
2024-09-18 16:03:04,932 - INFO - profile task started.
2024-09-18 16:03:04,998 - INFO - profile task ended.
2024-09-18 16:03:04,998 - INFO - questions task started.
2024-09-18 16:03:05,028 - INFO - questions task ended.
2024-09-18 16:03:05,028 - INFO - warehouse task started.
2024-09-18 16:03:05,076 - INFO - warehouse task ended.
2024-09-18 16:03:05,076 - INFO - supplier_conv task started.
2024-09-18 16:03:18,480 - INFO - product task started.
2024-09-18 16:03:18,597 - INFO - product task ended.
2024-09-18 16:03:18,597 - INFO - profile task started.
2024-09-18 16:03:18,656 - INFO - profile task ended.
2024-09-18 16:03:18,656 - INFO - questions task started.
2024-09-18 16:03:18,683 - INFO - questions task ended.
2024-09-18 16:03:18,683 - INFO - warehouse task started.
2024-09-18 16:03:18,735 - INFO - warehouse task ended.
2024-09-18 16:03:18,735 - INFO - supplier_conv task started.
2024-09-18 16:03:20,578 - INFO - supplier_conv task ended.
2024-09-18 16:03:20,578 - INFO - responses task started.
2024-09-18 16:03:20,578 - INFO - responses task ended.
2024-09-18 16:03:20,578 - INFO - supplier_updater task started.
2024-09-18 16:03:20,583 - INFO - supplier_updater task ended.
2024-09-18 16:04:01,372 - INFO - product task started.
2024-09-18 16:04:01,489 - INFO - product task ended.
2024-09-18 16:04:01,489 - INFO - profile task started.
2024-09-18 16:04:01,551 - INFO - profile task ended.
2024-09-18 16:04:01,551 - INFO - questions task started.
2024-09-18 16:04:01,579 - INFO - questions task ended.
2024-09-18 16:04:01,579 - INFO - warehouse task started.
2024-09-18 16:04:01,628 - INFO - warehouse task ended.
2024-09-18 16:04:01,628 - INFO - supplier_conv task started.
2024-09-18 16:04:16,325 - INFO - supplier_conv task ended.
2024-09-18 16:04:16,325 - INFO - responses task started.
2024-09-18 16:04:16,325 - INFO - responses task ended.
2024-09-18 16:04:16,325 - INFO - supplier_updater task started.
2024-09-18 16:04:16,332 - INFO - supplier_updater task ended.
2024-09-18 16:05:07,864 - INFO - product task started.
2024-09-18 16:05:07,984 - INFO - product task ended.
2024-09-18 16:05:07,984 - INFO - profile task started.
2024-09-18 16:05:08,049 - INFO - profile task ended.
2024-09-18 16:05:08,049 - INFO - questions task started.
2024-09-18 16:05:08,078 - INFO - questions task ended.
2024-09-18 16:05:08,078 - INFO - warehouse task started.
2024-09-18 16:05:08,129 - INFO - warehouse task ended.
2024-09-18 16:05:08,129 - INFO - supplier_conv task started.
2024-09-18 16:05:59,573 - INFO - supplier_conv task ended.
2024-09-18 16:05:59,573 - INFO - responses task started.
2024-09-18 16:05:59,573 - INFO - responses task ended.
2024-09-18 16:05:59,573 - INFO - supplier_updater task started.
2024-09-18 16:05:59,581 - INFO - supplier_updater task ended.
2024-09-18 16:09:53,693 - INFO - product task started.
2024-09-18 16:09:53,811 - INFO - product task ended.
2024-09-18 16:09:53,811 - INFO - profile task started.
2024-09-18 16:09:53,872 - INFO - profile task ended.
2024-09-18 16:09:53,872 - INFO - questions task started.
2024-09-18 16:09:53,898 - INFO - questions task ended.
2024-09-18 16:09:53,898 - INFO - warehouse task started.
2024-09-18 16:09:53,946 - INFO - warehouse task ended.
2024-09-18 16:09:53,946 - INFO - supplier_conv task started.
2024-09-18 16:09:55,789 - INFO - supplier_conv task ended.
2024-09-18 16:09:55,789 - INFO - supplier quote task started.
2024-09-18 16:13:00,790 - INFO - responses task error.
2024-09-18 16:14:47,952 - INFO - responses task ended.
2024-09-18 16:14:47,953 - INFO - responses task started.
2024-09-18 16:14:47,954 - INFO - responses task ended.
2024-09-18 16:14:47,954 - INFO - supplier_updater task started.
2024-09-18 16:14:47,984 - INFO - supplier_updater task ended.
2024-09-18 16:15:06,623 - INFO - product task started.
2024-09-18 16:15:06,781 - INFO - product task ended.
2024-09-18 16:15:06,781 - INFO - profile task started.
2024-09-18 16:15:06,842 - INFO - profile task ended.
2024-09-18 16:15:06,842 - INFO - questions task started.
2024-09-18 16:15:06,873 - INFO - questions task ended.
2024-09-18 16:15:06,873 - INFO - warehouse task started.
2024-09-18 16:15:06,920 - INFO - warehouse task ended.
2024-09-18 16:15:06,920 - INFO - supplier_conv task started.
2024-09-18 16:15:15,643 - INFO - product task started.
2024-09-18 16:15:15,768 - INFO - product task ended.
2024-09-18 16:15:15,768 - INFO - profile task started.
2024-09-18 16:15:15,830 - INFO - profile task ended.
2024-09-18 16:15:15,830 - INFO - questions task started.
2024-09-18 16:15:15,859 - INFO - questions task ended.
2024-09-18 16:15:15,860 - INFO - warehouse task started.
2024-09-18 16:15:15,914 - INFO - warehouse task ended.
2024-09-18 16:15:15,914 - INFO - supplier_conv task started.
2024-09-18 16:15:17,812 - INFO - supplier_conv task ended.
2024-09-18 16:15:17,812 - INFO - supplier quote task started.
2024-09-18 16:16:56,832 - INFO - product task started.
2024-09-18 16:16:56,989 - INFO - product task ended.
2024-09-18 16:16:56,989 - INFO - profile task started.
2024-09-18 16:16:57,052 - INFO - profile task ended.
2024-09-18 16:16:57,052 - INFO - questions task started.
2024-09-18 16:16:57,076 - INFO - questions task ended.
2024-09-18 16:16:57,076 - INFO - warehouse task started.
2024-09-18 16:16:57,128 - INFO - warehouse task ended.
2024-09-18 16:16:57,128 - INFO - supplier_conv task started.
2024-09-18 16:16:59,131 - INFO - supplier_conv task ended.
2024-09-18 16:16:59,132 - INFO - supplier quote task started.
2024-09-18 16:20:24,290 - INFO - product task started.
2024-09-18 16:20:24,453 - INFO - product task ended.
2024-09-18 16:20:24,454 - INFO - profile task started.
2024-09-18 16:20:24,521 - INFO - profile task ended.
2024-09-18 16:20:24,521 - INFO - questions task started.
2024-09-18 16:20:24,553 - INFO - questions task ended.
2024-09-18 16:20:24,553 - INFO - warehouse task started.
2024-09-18 16:20:24,601 - INFO - warehouse task ended.
2024-09-18 16:20:24,601 - INFO - supplier_conv task started.
2024-09-18 16:20:26,533 - INFO - supplier_conv task ended.
2024-09-18 16:20:26,534 - INFO - supplier quote task started.
2024-09-18 16:28:29,333 - INFO - product task started.
2024-09-18 16:28:29,489 - INFO - product task ended.
2024-09-18 16:28:29,489 - INFO - profile task started.
2024-09-18 16:28:29,558 - INFO - profile task ended.
2024-09-18 16:28:29,558 - INFO - questions task started.
2024-09-18 16:28:29,585 - INFO - questions task ended.
2024-09-18 16:28:29,585 - INFO - warehouse task started.
2024-09-18 16:28:29,633 - INFO - warehouse task ended.
2024-09-18 16:28:29,633 - INFO - supplier_conv task started.
2024-09-18 16:28:43,766 - INFO - supplier_conv task ended.
2024-09-18 16:28:43,766 - INFO - responses task started.
2024-09-18 16:28:43,766 - INFO - responses task ended.
2024-09-18 16:28:43,766 - INFO - supplier quote task started.
2024-09-18 16:29:37,058 - INFO - product task started.
2024-09-18 16:29:37,210 - INFO - product task ended.
2024-09-18 16:29:37,210 - INFO - profile task started.
2024-09-18 16:29:37,285 - INFO - profile task ended.
2024-09-18 16:29:37,285 - INFO - questions task started.
2024-09-18 16:29:37,317 - INFO - questions task ended.
2024-09-18 16:29:37,317 - INFO - warehouse task started.
2024-09-18 16:29:37,375 - INFO - warehouse task ended.
2024-09-18 16:29:37,375 - INFO - supplier_conv task started.
2024-09-18 16:29:51,529 - INFO - product task started.
2024-09-18 16:29:51,653 - INFO - product task ended.
2024-09-18 16:29:51,653 - INFO - profile task started.
2024-09-18 16:29:51,717 - INFO - profile task ended.
2024-09-18 16:29:51,717 - INFO - questions task started.
2024-09-18 16:29:51,744 - INFO - questions task ended.
2024-09-18 16:29:51,744 - INFO - warehouse task started.
2024-09-18 16:29:51,797 - INFO - warehouse task ended.
2024-09-18 16:29:51,797 - INFO - supplier_conv task started.
2024-09-18 16:29:53,703 - INFO - supplier_conv task ended.
2024-09-18 16:29:53,703 - INFO - supplier quote task started.
2024-09-18 16:49:38,472 - INFO - product task started.
2024-09-18 16:49:38,615 - INFO - product task ended.
2024-09-18 16:49:38,615 - INFO - profile task started.
2024-09-18 16:49:38,678 - INFO - profile task ended.
2024-09-18 16:49:38,678 - INFO - questions task started.
2024-09-18 16:49:38,707 - INFO - questions task ended.
2024-09-18 16:49:38,707 - INFO - warehouse task started.
2024-09-18 16:49:38,755 - INFO - warehouse task ended.
2024-09-18 16:49:38,755 - INFO - supplier_conv task started.
2024-09-18 16:49:40,579 - INFO - supplier_conv task ended.
2024-09-18 16:49:40,579 - INFO - supplier quote task started.
2024-09-18 16:49:44,461 - INFO - supplier quote task error.
2024-09-18 16:49:44,461 - INFO - supplier quote task ended.
2024-09-18 16:49:44,461 - INFO - responses task started.
2024-09-18 16:49:44,461 - INFO - responses task ended.
2024-09-18 16:49:44,461 - INFO - supplier_updater task started.
2024-09-18 16:49:44,465 - INFO - supplier_updater task ended.
2024-09-18 16:51:31,174 - INFO - product task started.
2024-09-18 16:51:31,293 - INFO - product task ended.
2024-09-18 16:51:31,293 - INFO - profile task started.
2024-09-18 16:51:31,355 - INFO - profile task ended.
2024-09-18 16:51:31,355 - INFO - questions task started.
2024-09-18 16:51:31,382 - INFO - questions task ended.
2024-09-18 16:51:31,382 - INFO - warehouse task started.
2024-09-18 16:51:31,447 - INFO - warehouse task ended.
2024-09-18 16:51:31,447 - INFO - supplier_conv task started.
2024-09-18 16:51:33,298 - INFO - supplier_conv task ended.
2024-09-18 16:51:33,298 - INFO - supplier quote task started.
2024-09-18 16:51:35,401 - INFO - supplier quote task error.
2024-09-18 16:51:35,401 - INFO - supplier quote task ended.
2024-09-18 16:51:35,401 - INFO - responses task started.
2024-09-18 16:51:35,402 - INFO - responses task error.
2024-09-18 16:51:35,402 - INFO - responses task ended.
2024-09-18 16:51:35,402 - INFO - supplier_updater task started.
2024-09-18 16:51:35,410 - INFO - supplier_updater task ended.
2024-09-18 16:54:02,344 - INFO - product task started.
2024-09-18 16:54:02,462 - INFO - product task ended.
2024-09-18 16:54:02,462 - INFO - profile task started.
2024-09-18 16:54:02,519 - INFO - profile task ended.
2024-09-18 16:54:02,519 - INFO - questions task started.
2024-09-18 16:54:02,549 - INFO - questions task ended.
2024-09-18 16:54:02,549 - INFO - warehouse task started.
2024-09-18 16:54:02,598 - INFO - warehouse task ended.
2024-09-18 16:54:02,598 - INFO - supplier_conv task started.
2024-09-18 16:54:04,371 - INFO - supplier_conv task ended.
2024-09-18 16:54:04,371 - INFO - supplier quote task started.
2024-09-18 16:54:07,388 - INFO - supplier quote task error.
2024-09-18 16:54:07,388 - INFO - supplier quote task ended.
2024-09-18 16:54:07,388 - INFO - responses task started.
2024-09-18 16:54:07,388 - INFO - responses task ended.
2024-09-18 16:54:07,388 - INFO - supplier_updater task started.
2024-09-18 16:54:07,392 - INFO - supplier_updater task ended.
2024-09-18 16:54:39,135 - INFO - product task started.
2024-09-18 16:54:39,252 - INFO - product task ended.
2024-09-18 16:54:39,252 - INFO - profile task started.
2024-09-18 16:54:39,307 - INFO - profile task ended.
2024-09-18 16:54:39,307 - INFO - questions task started.
2024-09-18 16:54:39,332 - INFO - questions task ended.
2024-09-18 16:54:39,332 - INFO - warehouse task started.
2024-09-18 16:54:39,378 - INFO - warehouse task ended.
2024-09-18 16:54:39,378 - INFO - supplier_conv task started.
2024-09-18 16:54:56,944 - INFO - product task started.
2024-09-18 16:54:57,059 - INFO - product task ended.
2024-09-18 16:54:57,059 - INFO - profile task started.
2024-09-18 16:54:57,119 - INFO - profile task ended.
2024-09-18 16:54:57,119 - INFO - questions task started.
2024-09-18 16:54:57,148 - INFO - questions task ended.
2024-09-18 16:54:57,148 - INFO - warehouse task started.
2024-09-18 16:54:57,195 - INFO - warehouse task ended.
2024-09-18 16:54:57,195 - INFO - supplier_conv task started.
2024-09-18 16:54:58,852 - INFO - supplier_conv task ended.
2024-09-18 16:54:58,852 - INFO - supplier quote task started.
2024-09-18 16:55:00,889 - INFO - supplier quote task error.
2024-09-18 16:55:00,889 - INFO - supplier quote task ended.
2024-09-18 16:55:00,889 - INFO - responses task started.
2024-09-18 16:55:00,889 - INFO - responses task error.
2024-09-18 16:55:00,889 - INFO - responses task ended.
2024-09-18 16:55:00,889 - INFO - supplier_updater task started.
2024-09-18 16:55:00,894 - INFO - supplier_updater task ended.
2024-09-18 16:56:21,866 - INFO - product task started.
2024-09-18 16:56:21,985 - INFO - product task ended.
2024-09-18 16:56:21,985 - INFO - profile task started.
2024-09-18 16:56:22,046 - INFO - profile task ended.
2024-09-18 16:56:22,046 - INFO - questions task started.
2024-09-18 16:56:22,075 - INFO - questions task ended.
2024-09-18 16:56:22,075 - INFO - warehouse task started.
2024-09-18 16:56:22,123 - INFO - warehouse task ended.
2024-09-18 16:56:22,123 - INFO - supplier_conv task started.
2024-09-18 16:56:23,770 - INFO - supplier_conv task ended.
2024-09-18 16:56:23,770 - INFO - supplier quote task started.
2024-09-18 16:56:25,800 - INFO - supplier quote task error.
2024-09-18 16:56:25,800 - INFO - supplier quote task ended.
2024-09-18 16:56:25,800 - INFO - responses task started.
2024-09-18 16:56:25,801 - INFO - responses task error.
2024-09-18 16:56:25,801 - INFO - responses task ended.
2024-09-18 16:56:25,801 - INFO - supplier_updater task started.
2024-09-18 16:56:25,809 - INFO - supplier_updater task ended.
2024-09-18 16:59:13,072 - INFO - product task started.
2024-09-18 16:59:13,192 - INFO - product task ended.
2024-09-18 16:59:13,192 - INFO - profile task started.
2024-09-18 16:59:13,250 - INFO - profile task ended.
2024-09-18 16:59:13,250 - INFO - questions task started.
2024-09-18 16:59:13,280 - INFO - questions task ended.
2024-09-18 16:59:13,280 - INFO - warehouse task started.
2024-09-18 16:59:13,330 - INFO - warehouse task ended.
2024-09-18 16:59:13,330 - INFO - supplier_conv task started.
2024-09-18 16:59:24,522 - INFO - product task started.
2024-09-18 16:59:24,638 - INFO - product task ended.
2024-09-18 16:59:24,638 - INFO - profile task started.
2024-09-18 16:59:24,699 - INFO - profile task ended.
2024-09-18 16:59:24,700 - INFO - questions task started.
2024-09-18 16:59:24,727 - INFO - questions task ended.
2024-09-18 16:59:24,727 - INFO - warehouse task started.
2024-09-18 16:59:24,773 - INFO - warehouse task ended.
2024-09-18 16:59:24,773 - INFO - supplier_conv task started.
2024-09-18 16:59:26,596 - INFO - supplier_conv task ended.
2024-09-18 16:59:26,596 - INFO - supplier quote task started.
2024-09-18 16:59:28,601 - INFO - supplier quote task error.
2024-09-18 16:59:28,601 - INFO - supplier quote task ended.
2024-09-18 16:59:28,601 - INFO - responses task started.
2024-09-18 16:59:28,601 - INFO - responses task error.
2024-09-18 16:59:28,601 - INFO - responses task ended.
2024-09-18 16:59:28,601 - INFO - supplier_updater task started.
2024-09-18 16:59:28,610 - INFO - supplier_updater task ended.
2024-09-18 17:08:17,731 - INFO - product task started.
2024-09-18 17:08:17,873 - INFO - product task ended.
2024-09-18 17:08:17,873 - INFO - profile task started.
2024-09-18 17:08:17,932 - INFO - profile task ended.
2024-09-18 17:08:17,932 - INFO - questions task started.
2024-09-18 17:08:17,961 - INFO - questions task ended.
2024-09-18 17:08:17,961 - INFO - warehouse task started.
2024-09-18 17:08:18,010 - INFO - warehouse task ended.
2024-09-18 17:08:18,010 - INFO - supplier_conv task started.
2024-09-18 17:08:27,740 - INFO - product task started.
2024-09-18 17:08:27,856 - INFO - product task ended.
2024-09-18 17:08:27,856 - INFO - profile task started.
2024-09-18 17:08:27,917 - INFO - profile task ended.
2024-09-18 17:08:27,917 - INFO - questions task started.
2024-09-18 17:08:27,948 - INFO - questions task ended.
2024-09-18 17:08:27,948 - INFO - warehouse task started.
2024-09-18 17:08:27,994 - INFO - warehouse task ended.
2024-09-18 17:08:27,994 - INFO - supplier_conv task started.
2024-09-18 17:08:29,717 - INFO - supplier_conv task ended.
2024-09-18 17:08:29,717 - INFO - supplier quote task started.
2024-09-18 17:08:29,717 - INFO - supplier quote task error.
2024-09-18 17:08:29,717 - INFO - supplier quote task ended.
2024-09-18 17:08:29,717 - INFO - responses task started.
2024-09-18 17:08:29,717 - INFO - responses task ended.
2024-09-18 17:08:29,717 - INFO - supplier_updater task started.
2024-09-18 17:08:29,722 - INFO - supplier_updater task ended.
2024-09-18 17:09:22,507 - INFO - product task started.
2024-09-18 17:09:22,633 - INFO - product task ended.
2024-09-18 17:09:22,633 - INFO - profile task started.
2024-09-18 17:09:22,694 - INFO - profile task ended.
2024-09-18 17:09:22,694 - INFO - questions task started.
2024-09-18 17:09:22,721 - INFO - questions task ended.
2024-09-18 17:09:22,721 - INFO - warehouse task started.
2024-09-18 17:09:22,770 - INFO - warehouse task ended.
2024-09-18 17:09:22,770 - INFO - supplier_conv task started.
2024-09-18 17:09:34,644 - INFO - product task started.
2024-09-18 17:09:34,761 - INFO - product task ended.
2024-09-18 17:09:34,761 - INFO - profile task started.
2024-09-18 17:09:34,822 - INFO - profile task ended.
2024-09-18 17:09:34,823 - INFO - questions task started.
2024-09-18 17:09:34,847 - INFO - questions task ended.
2024-09-18 17:09:34,847 - INFO - warehouse task started.
2024-09-18 17:09:34,894 - INFO - warehouse task ended.
2024-09-18 17:09:34,894 - INFO - supplier_conv task started.
2024-09-18 17:09:36,552 - INFO - supplier_conv task ended.
2024-09-18 17:09:36,552 - INFO - supplier quote task started.
2024-09-18 17:09:36,552 - INFO - supplier quote task error.
2024-09-18 17:09:36,552 - INFO - supplier quote task ended.
2024-09-18 17:09:36,552 - INFO - responses task started.
2024-09-18 17:09:36,552 - INFO - responses task ended.
2024-09-18 17:09:36,552 - INFO - supplier_updater task started.
2024-09-18 17:09:36,557 - INFO - supplier_updater task ended.
2024-09-18 17:10:33,892 - INFO - product task started.
2024-09-18 17:10:34,011 - INFO - product task ended.
2024-09-18 17:10:34,011 - INFO - profile task started.
2024-09-18 17:10:34,071 - INFO - profile task ended.
2024-09-18 17:10:34,071 - INFO - questions task started.
2024-09-18 17:10:34,097 - INFO - questions task ended.
2024-09-18 17:10:34,097 - INFO - warehouse task started.
2024-09-18 17:10:34,144 - INFO - warehouse task ended.
2024-09-18 17:10:34,144 - INFO - supplier_conv task started.
2024-09-18 17:10:48,996 - INFO - product task started.
2024-09-18 17:10:49,113 - INFO - product task ended.
2024-09-18 17:10:49,113 - INFO - profile task started.
2024-09-18 17:10:49,173 - INFO - profile task ended.
2024-09-18 17:10:49,173 - INFO - questions task started.
2024-09-18 17:10:49,200 - INFO - questions task ended.
2024-09-18 17:10:49,201 - INFO - warehouse task started.
2024-09-18 17:10:49,248 - INFO - warehouse task ended.
2024-09-18 17:10:49,248 - INFO - supplier_conv task started.
2024-09-18 17:10:50,922 - INFO - supplier_conv task ended.
2024-09-18 17:10:50,922 - INFO - supplier quote task started.
2024-09-18 17:10:50,922 - INFO - supplier quote task error.
2024-09-18 17:10:50,922 - INFO - supplier quote task ended.
2024-09-18 17:10:50,922 - INFO - responses task started.
2024-09-18 17:10:50,923 - INFO - responses task ended.
2024-09-18 17:10:50,923 - INFO - supplier_updater task started.
2024-09-18 17:10:50,927 - INFO - supplier_updater task ended.
2024-09-18 17:12:04,784 - INFO - product task started.
2024-09-18 17:12:04,902 - INFO - product task ended.
2024-09-18 17:12:04,902 - INFO - profile task started.
2024-09-18 17:12:04,963 - INFO - profile task ended.
2024-09-18 17:12:04,963 - INFO - questions task started.
2024-09-18 17:12:04,990 - INFO - questions task ended.
2024-09-18 17:12:04,990 - INFO - warehouse task started.
2024-09-18 17:12:05,038 - INFO - warehouse task ended.
2024-09-18 17:12:05,038 - INFO - supplier_conv task started.
2024-09-18 17:12:16,065 - INFO - product task started.
2024-09-18 17:12:16,187 - INFO - product task ended.
2024-09-18 17:12:16,187 - INFO - profile task started.
2024-09-18 17:12:16,246 - INFO - profile task ended.
2024-09-18 17:12:16,246 - INFO - questions task started.
2024-09-18 17:12:16,274 - INFO - questions task ended.
2024-09-18 17:12:16,274 - INFO - warehouse task started.
2024-09-18 17:12:16,320 - INFO - warehouse task ended.
2024-09-18 17:12:16,320 - INFO - supplier_conv task started.
2024-09-18 17:12:17,994 - INFO - supplier_conv task ended.
2024-09-18 17:12:17,994 - INFO - supplier quote task started.
2024-09-18 17:12:17,994 - INFO - supplier quote task error.
2024-09-18 17:12:17,994 - INFO - supplier quote task ended.
2024-09-18 17:12:17,994 - INFO - responses task started.
2024-09-18 17:12:17,994 - INFO - responses task ended.
2024-09-18 17:12:17,994 - INFO - supplier_updater task started.
2024-09-18 17:12:17,999 - INFO - supplier_updater task ended.
2024-09-18 17:13:59,410 - INFO - product task started.
2024-09-18 17:13:59,527 - INFO - product task ended.
2024-09-18 17:13:59,527 - INFO - profile task started.
2024-09-18 17:13:59,588 - INFO - profile task ended.
2024-09-18 17:13:59,588 - INFO - questions task started.
2024-09-18 17:13:59,615 - INFO - questions task ended.
2024-09-18 17:13:59,615 - INFO - warehouse task started.
2024-09-18 17:13:59,662 - INFO - warehouse task ended.
2024-09-18 17:13:59,662 - INFO - supplier_conv task started.
2024-09-18 17:14:13,024 - INFO - product task started.
2024-09-18 17:14:13,141 - INFO - product task ended.
2024-09-18 17:14:13,141 - INFO - profile task started.
2024-09-18 17:14:13,202 - INFO - profile task ended.
2024-09-18 17:14:13,202 - INFO - questions task started.
2024-09-18 17:14:13,228 - INFO - questions task ended.
2024-09-18 17:14:13,228 - INFO - warehouse task started.
2024-09-18 17:14:13,276 - INFO - warehouse task ended.
2024-09-18 17:14:13,276 - INFO - supplier_conv task started.
2024-09-18 17:14:14,959 - INFO - supplier_conv task ended.
2024-09-18 17:14:14,959 - INFO - supplier quote task started.
2024-09-18 17:14:14,959 - INFO - supplier quote task error.
2024-09-18 17:14:14,959 - INFO - supplier quote task ended.
2024-09-18 17:14:14,959 - INFO - responses task started.
2024-09-18 17:14:14,959 - INFO - responses task ended.
2024-09-18 17:14:14,959 - INFO - supplier_updater task started.
2024-09-18 17:14:14,964 - INFO - supplier_updater task ended.
2024-09-18 17:14:24,422 - INFO - product task started.
2024-09-18 17:14:24,540 - INFO - product task ended.
2024-09-18 17:14:24,540 - INFO - profile task started.
2024-09-18 17:14:24,603 - INFO - profile task ended.
2024-09-18 17:14:24,603 - INFO - questions task started.
2024-09-18 17:14:24,633 - INFO - questions task ended.
2024-09-18 17:14:24,633 - INFO - warehouse task started.
2024-09-18 17:14:24,684 - INFO - warehouse task ended.
2024-09-18 17:14:24,684 - INFO - supplier_conv task started.
2024-09-18 17:18:22,583 - INFO - product task started.
2024-09-18 17:18:22,719 - INFO - product task ended.
2024-09-18 17:18:22,720 - INFO - profile task started.
2024-09-18 17:18:22,779 - INFO - profile task ended.
2024-09-18 17:18:22,779 - INFO - questions task started.
2024-09-18 17:18:22,809 - INFO - questions task ended.
2024-09-18 17:18:22,809 - INFO - warehouse task started.
2024-09-18 17:18:22,856 - INFO - warehouse task ended.
2024-09-18 17:18:22,856 - INFO - supplier_conv task started.
2024-09-18 17:18:24,552 - INFO - supplier_conv task ended.
2024-09-18 17:18:24,552 - INFO - supplier quote task started.
2024-09-18 17:18:24,553 - INFO - supplier quote task error.
2024-09-18 17:18:24,553 - INFO - supplier quote task ended.
2024-09-18 17:18:24,553 - INFO - responses task started.
2024-09-18 17:18:24,553 - INFO - responses task ended.
2024-09-18 17:18:24,553 - INFO - supplier_updater task started.
2024-09-18 17:18:24,558 - INFO - supplier_updater task ended.
2024-09-18 17:20:53,740 - INFO - product task started.
2024-09-18 17:20:53,887 - INFO - product task ended.
2024-09-18 17:20:53,887 - INFO - profile task started.
2024-09-18 17:20:53,948 - INFO - profile task ended.
2024-09-18 17:20:53,948 - INFO - questions task started.
2024-09-18 17:20:53,977 - INFO - questions task ended.
2024-09-18 17:20:53,977 - INFO - warehouse task started.
2024-09-18 17:20:54,024 - INFO - warehouse task ended.
2024-09-18 17:20:54,024 - INFO - supplier_conv task started.
2024-09-18 17:20:55,700 - INFO - supplier_conv task ended.
2024-09-18 17:20:55,700 - INFO - supplier quote task started.
2024-09-18 17:20:55,700 - INFO - supplier quote task error.
2024-09-18 17:20:55,700 - INFO - supplier quote task ended.
2024-09-18 17:20:55,700 - INFO - responses task started.
2024-09-18 17:20:55,700 - INFO - responses task ended.
2024-09-18 17:20:55,700 - INFO - supplier_updater task started.
2024-09-18 17:20:55,705 - INFO - supplier_updater task ended.
2024-09-18 17:21:45,638 - INFO - product task started.
2024-09-18 17:21:45,756 - INFO - product task ended.
2024-09-18 17:21:45,756 - INFO - profile task started.
2024-09-18 17:21:45,818 - INFO - profile task ended.
2024-09-18 17:21:45,818 - INFO - questions task started.
2024-09-18 17:21:45,847 - INFO - questions task ended.
2024-09-18 17:21:45,847 - INFO - warehouse task started.
2024-09-18 17:21:45,896 - INFO - warehouse task ended.
2024-09-18 17:21:45,896 - INFO - supplier_conv task started.
2024-09-18 17:21:59,876 - INFO - product task started.
2024-09-18 17:21:59,990 - INFO - product task ended.
2024-09-18 17:21:59,990 - INFO - profile task started.
2024-09-18 17:22:00,050 - INFO - profile task ended.
2024-09-18 17:22:00,050 - INFO - questions task started.
2024-09-18 17:22:00,077 - INFO - questions task ended.
2024-09-18 17:22:00,077 - INFO - warehouse task started.
2024-09-18 17:22:00,124 - INFO - warehouse task ended.
2024-09-18 17:22:00,124 - INFO - supplier_conv task started.
2024-09-18 17:22:01,795 - INFO - supplier_conv task ended.
2024-09-18 17:22:01,795 - INFO - supplier quote task started.
2024-09-18 17:22:01,795 - INFO - supplier quote task error.
2024-09-18 17:22:01,795 - INFO - supplier quote task ended.
2024-09-18 17:22:01,795 - INFO - responses task started.
2024-09-18 17:22:01,795 - INFO - responses task ended.
2024-09-18 17:22:01,795 - INFO - supplier_updater task started.
2024-09-18 17:22:01,801 - INFO - supplier_updater task ended.
2024-09-18 17:22:34,365 - INFO - product task started.
2024-09-18 17:22:34,483 - INFO - product task ended.
2024-09-18 17:22:34,483 - INFO - profile task started.
2024-09-18 17:22:34,544 - INFO - profile task ended.
2024-09-18 17:22:34,544 - INFO - questions task started.
2024-09-18 17:22:34,573 - INFO - questions task ended.
2024-09-18 17:22:34,573 - INFO - warehouse task started.
2024-09-18 17:22:34,622 - INFO - warehouse task ended.
2024-09-18 17:22:34,622 - INFO - supplier_conv task started.
2024-09-18 17:22:41,082 - INFO - product task started.
2024-09-18 17:22:41,200 - INFO - product task ended.
2024-09-18 17:22:41,200 - INFO - profile task started.
2024-09-18 17:22:41,263 - INFO - profile task ended.
2024-09-18 17:22:41,263 - INFO - questions task started.
2024-09-18 17:22:41,290 - INFO - questions task ended.
2024-09-18 17:22:41,290 - INFO - warehouse task started.
2024-09-18 17:22:41,337 - INFO - warehouse task ended.
2024-09-18 17:22:41,337 - INFO - supplier_conv task started.
2024-09-18 17:22:43,076 - INFO - supplier_conv task ended.
2024-09-18 17:22:43,076 - INFO - supplier quote task started.
2024-09-18 17:22:43,077 - INFO - supplier quote task error.
2024-09-18 17:22:43,077 - INFO - supplier quote task ended.
2024-09-18 17:22:43,077 - INFO - responses task started.
2024-09-18 17:22:43,077 - INFO - responses task ended.
2024-09-18 17:22:43,077 - INFO - supplier_updater task started.
2024-09-18 17:22:43,082 - INFO - supplier_updater task ended.
2024-09-18 17:23:03,267 - INFO - product task started.
2024-09-18 17:23:03,384 - INFO - product task ended.
2024-09-18 17:23:03,384 - INFO - profile task started.
2024-09-18 17:23:03,444 - INFO - profile task ended.
2024-09-18 17:23:03,444 - INFO - questions task started.
2024-09-18 17:23:03,471 - INFO - questions task ended.
2024-09-18 17:23:03,471 - INFO - warehouse task started.
2024-09-18 17:23:03,511 - INFO - warehouse task ended.
2024-09-18 17:23:03,511 - INFO - supplier_conv task started.
2024-09-18 17:23:12,724 - INFO - product task started.
2024-09-18 17:23:12,840 - INFO - product task ended.
2024-09-18 17:23:12,840 - INFO - profile task started.
2024-09-18 17:23:12,900 - INFO - profile task ended.
2024-09-18 17:23:12,900 - INFO - questions task started.
2024-09-18 17:23:12,927 - INFO - questions task ended.
2024-09-18 17:23:12,927 - INFO - warehouse task started.
2024-09-18 17:23:12,975 - INFO - warehouse task ended.
2024-09-18 17:23:12,975 - INFO - supplier_conv task started.
2024-09-18 17:23:14,699 - INFO - supplier_conv task ended.
2024-09-18 17:23:14,699 - INFO - supplier quote task started.
2024-09-18 17:23:14,699 - INFO - supplier quote task error.
2024-09-18 17:23:14,699 - INFO - supplier quote task ended.
2024-09-18 17:23:14,699 - INFO - responses task started.
2024-09-18 17:23:14,699 - INFO - responses task ended.
2024-09-18 17:23:14,699 - INFO - supplier_updater task started.
2024-09-18 17:23:14,705 - INFO - supplier_updater task ended.
2024-09-18 17:23:41,297 - INFO - product task started.
2024-09-18 17:23:41,418 - INFO - product task ended.
2024-09-18 17:23:41,419 - INFO - profile task started.
2024-09-18 17:23:41,480 - INFO - profile task ended.
2024-09-18 17:23:41,480 - INFO - questions task started.
2024-09-18 17:23:41,509 - INFO - questions task ended.
2024-09-18 17:23:41,509 - INFO - warehouse task started.
2024-09-18 17:23:41,557 - INFO - warehouse task ended.
2024-09-18 17:23:41,557 - INFO - supplier_conv task started.
2024-09-18 17:23:49,466 - INFO - product task started.
2024-09-18 17:23:49,580 - INFO - product task ended.
2024-09-18 17:23:49,580 - INFO - profile task started.
2024-09-18 17:23:49,640 - INFO - profile task ended.
2024-09-18 17:23:49,640 - INFO - questions task started.
2024-09-18 17:23:49,666 - INFO - questions task ended.
2024-09-18 17:23:49,666 - INFO - warehouse task started.
2024-09-18 17:23:49,714 - INFO - warehouse task ended.
2024-09-18 17:23:49,714 - INFO - supplier_conv task started.
2024-09-18 17:23:51,420 - INFO - supplier_conv task ended.
2024-09-18 17:23:51,420 - INFO - supplier quote task started.
2024-09-18 17:23:51,420 - INFO - supplier quote task error.
2024-09-18 17:23:51,420 - INFO - supplier quote task ended.
2024-09-18 17:23:51,420 - INFO - responses task started.
2024-09-18 17:23:51,420 - INFO - responses task ended.
2024-09-18 17:23:51,420 - INFO - supplier_updater task started.
2024-09-18 17:23:51,425 - INFO - supplier_updater task ended.
2024-09-18 17:24:30,541 - INFO - product task started.
2024-09-18 17:24:30,658 - INFO - product task ended.
2024-09-18 17:24:30,658 - INFO - profile task started.
2024-09-18 17:24:30,720 - INFO - profile task ended.
2024-09-18 17:24:30,720 - INFO - questions task started.
2024-09-18 17:24:30,747 - INFO - questions task ended.
2024-09-18 17:24:30,747 - INFO - warehouse task started.
2024-09-18 17:24:30,795 - INFO - warehouse task ended.
2024-09-18 17:24:30,795 - INFO - supplier_conv task started.
2024-09-18 17:24:39,190 - INFO - product task started.
2024-09-18 17:24:39,309 - INFO - product task ended.
2024-09-18 17:24:39,309 - INFO - profile task started.
2024-09-18 17:24:39,368 - INFO - profile task ended.
2024-09-18 17:24:39,368 - INFO - questions task started.
2024-09-18 17:24:39,396 - INFO - questions task ended.
2024-09-18 17:24:39,396 - INFO - warehouse task started.
2024-09-18 17:24:39,444 - INFO - warehouse task ended.
2024-09-18 17:24:39,444 - INFO - supplier_conv task started.
2024-09-18 17:24:41,165 - INFO - supplier_conv task ended.
2024-09-18 17:24:41,165 - INFO - supplier quote task started.
2024-09-18 17:24:43,184 - INFO - supplier quote task ended.
2024-09-18 17:24:43,184 - INFO - responses task started.
2024-09-18 17:24:43,185 - INFO - responses task error.
2024-09-18 17:24:43,185 - INFO - responses task ended.
2024-09-18 17:24:43,185 - INFO - supplier_updater task started.
2024-09-18 17:24:43,192 - INFO - supplier_updater task ended.
2024-09-18 17:25:14,391 - INFO - product task started.
2024-09-18 17:25:14,507 - INFO - product task ended.
2024-09-18 17:25:14,508 - INFO - profile task started.
2024-09-18 17:25:14,569 - INFO - profile task ended.
2024-09-18 17:25:14,569 - INFO - questions task started.
2024-09-18 17:25:14,597 - INFO - questions task ended.
2024-09-18 17:25:14,597 - INFO - warehouse task started.
2024-09-18 17:25:14,645 - INFO - warehouse task ended.
2024-09-18 17:25:14,645 - INFO - supplier_conv task started.
2024-09-18 17:25:22,776 - INFO - product task started.
2024-09-18 17:25:22,892 - INFO - product task ended.
2024-09-18 17:25:22,892 - INFO - profile task started.
2024-09-18 17:25:22,954 - INFO - profile task ended.
2024-09-18 17:25:22,954 - INFO - questions task started.
2024-09-18 17:25:22,984 - INFO - questions task ended.
2024-09-18 17:25:22,984 - INFO - warehouse task started.
2024-09-18 17:25:23,033 - INFO - warehouse task ended.
2024-09-18 17:25:23,033 - INFO - supplier_conv task started.
2024-09-18 17:25:24,728 - INFO - supplier_conv task ended.
2024-09-18 17:25:24,728 - INFO - supplier quote task started.
2024-09-18 17:25:26,775 - INFO - supplier quote task ended.
2024-09-18 17:25:26,775 - INFO - responses task started.
2024-09-18 17:25:26,775 - INFO - responses task error.
2024-09-18 17:25:26,775 - INFO - responses task ended.
2024-09-18 17:25:26,775 - INFO - supplier_updater task started.
2024-09-18 17:25:26,785 - INFO - supplier_updater task ended.
2024-09-18 17:26:18,159 - INFO - product task started.
2024-09-18 17:26:18,276 - INFO - product task ended.
2024-09-18 17:26:18,276 - INFO - profile task started.
2024-09-18 17:26:18,336 - INFO - profile task ended.
2024-09-18 17:26:18,336 - INFO - questions task started.
2024-09-18 17:26:18,363 - INFO - questions task ended.
2024-09-18 17:26:18,363 - INFO - warehouse task started.
2024-09-18 17:26:18,413 - INFO - warehouse task ended.
2024-09-18 17:26:18,413 - INFO - supplier_conv task started.
2024-09-18 17:26:20,112 - INFO - supplier_conv task ended.
2024-09-18 17:26:20,113 - INFO - supplier quote task started.
2024-09-18 17:26:22,127 - INFO - supplier quote task ended.
2024-09-18 17:26:22,127 - INFO - responses task started.
2024-09-18 17:26:22,127 - INFO - responses task error.
2024-09-18 17:26:22,127 - INFO - responses task ended.
2024-09-18 17:26:22,127 - INFO - supplier_updater task started.
2024-09-18 17:26:22,135 - INFO - supplier_updater task ended.
2024-09-18 17:28:50,991 - INFO - product task started.
2024-09-18 17:28:51,110 - INFO - product task ended.
2024-09-18 17:28:51,110 - INFO - profile task started.
2024-09-18 17:28:51,170 - INFO - profile task ended.
2024-09-18 17:28:51,170 - INFO - questions task started.
2024-09-18 17:28:51,198 - INFO - questions task ended.
2024-09-18 17:28:51,198 - INFO - warehouse task started.
2024-09-18 17:28:51,247 - INFO - warehouse task ended.
2024-09-18 17:28:51,247 - INFO - supplier_conv task started.
2024-09-18 17:29:03,257 - INFO - product task started.
2024-09-18 17:29:03,376 - INFO - product task ended.
2024-09-18 17:29:03,376 - INFO - profile task started.
2024-09-18 17:29:03,437 - INFO - profile task ended.
2024-09-18 17:29:03,437 - INFO - questions task started.
2024-09-18 17:29:03,465 - INFO - questions task ended.
2024-09-18 17:29:03,465 - INFO - warehouse task started.
2024-09-18 17:29:03,514 - INFO - warehouse task ended.
2024-09-18 17:29:03,514 - INFO - supplier_conv task started.
2024-09-18 17:29:05,255 - INFO - supplier_conv task ended.
2024-09-18 17:29:05,255 - INFO - supplier quote task started.
2024-09-18 17:29:07,257 - INFO - supplier quote task ended.
2024-09-18 17:29:07,257 - INFO - responses task started.
2024-09-18 17:29:16,751 - INFO - responses task ended.
2024-09-18 17:29:16,751 - INFO - supplier_updater task started.
2024-09-18 17:35:47,425 - INFO - supplier_updater task ended.
2024-09-19 18:34:56,186 - INFO - product task started.
2024-09-19 18:34:56,332 - INFO - product task ended.
2024-09-19 18:34:56,333 - INFO - profile task started.
2024-09-19 18:34:56,395 - INFO - profile task ended.
2024-09-19 18:34:56,395 - INFO - questions task started.
2024-09-19 18:34:56,425 - INFO - questions task ended.
2024-09-19 18:34:56,425 - INFO - warehouse task started.
2024-09-19 18:34:56,472 - INFO - warehouse task ended.
2024-09-19 18:34:56,472 - INFO - supplier_conv task started.
2024-09-19 18:35:09,916 - INFO - supplier_conv task ended.
2024-09-19 18:35:09,916 - INFO - supplier quote task started.
2024-09-19 18:37:39,392 - INFO - supplier quote task ended.
2024-09-19 18:37:39,394 - INFO - responses task started.
2024-09-19 19:45:04,506 - INFO - supplier_updater task ended.
2024-09-21 10:20:37,266 - INFO - product task started.
2024-09-21 10:20:37,412 - INFO - product task ended.
2024-09-21 10:20:37,412 - INFO - profile task started.
2024-09-21 10:20:37,473 - INFO - profile task ended.
2024-09-21 10:20:37,473 - INFO - questions task started.
2024-09-21 10:20:37,503 - INFO - questions task ended.
2024-09-21 10:20:37,503 - INFO - warehouse task started.
2024-09-21 10:20:37,553 - INFO - warehouse task ended.
2024-09-21 10:20:37,553 - INFO - supplier_conv task started.
2024-09-21 10:20:37,553 - INFO - supplier_conv task error.
2024-09-21 10:20:37,553 - INFO - supplier_conv task ended.
2024-09-21 10:20:37,553 - INFO - supplier quote task started.
2024-09-21 10:20:37,678 - INFO - supplier quote task ended.
2024-09-21 10:20:37,678 - INFO - responses task started.
2024-09-21 10:20:37,678 - INFO - responses task ended.
2024-09-21 10:20:37,678 - INFO - supplier_updater task started.
2024-09-21 10:20:37,686 - INFO - supplier_updater task ended.
2024-09-21 10:20:57,178 - INFO - product task started.
2024-09-21 10:20:57,295 - INFO - product task ended.
2024-09-21 10:20:57,295 - INFO - profile task started.
2024-09-21 10:20:57,356 - INFO - profile task ended.
2024-09-21 10:20:57,356 - INFO - questions task started.
2024-09-21 10:20:57,384 - INFO - questions task ended.
2024-09-21 10:20:57,384 - INFO - warehouse task started.
2024-09-21 10:20:57,431 - INFO - warehouse task ended.
2024-09-21 10:20:57,431 - INFO - supplier_conv task started.
2024-09-21 10:20:57,431 - INFO - supplier_conv task error.
2024-09-21 10:20:57,432 - INFO - supplier_conv task ended.
2024-09-21 10:20:57,432 - INFO - supplier quote task started.
2024-09-21 10:20:57,465 - INFO - supplier quote task ended.
2024-09-21 10:20:57,465 - INFO - responses task started.
2024-09-21 10:20:57,466 - INFO - responses task ended.
2024-09-21 10:20:57,466 - INFO - supplier_updater task started.
2024-09-21 10:20:57,470 - INFO - supplier_updater task ended.
2024-09-21 10:21:48,706 - INFO - product task started.
2024-09-21 10:21:48,848 - INFO - product task ended.
2024-09-21 10:21:48,848 - INFO - profile task started.
2024-09-21 10:21:48,908 - INFO - profile task ended.
2024-09-21 10:21:48,908 - INFO - questions task started.
2024-09-21 10:21:48,937 - INFO - questions task ended.
2024-09-21 10:21:48,937 - INFO - warehouse task started.
2024-09-21 10:21:48,984 - INFO - warehouse task ended.
2024-09-21 10:21:48,984 - INFO - supplier_conv task started.
2024-09-21 10:21:59,902 - INFO - product task started.
2024-09-21 10:22:00,028 - INFO - product task ended.
2024-09-21 10:22:00,028 - INFO - profile task started.
2024-09-21 10:22:00,086 - INFO - profile task ended.
2024-09-21 10:22:00,086 - INFO - questions task started.
2024-09-21 10:22:00,115 - INFO - questions task ended.
2024-09-21 10:22:00,115 - INFO - warehouse task started.
2024-09-21 10:22:00,163 - INFO - warehouse task ended.
2024-09-21 10:22:00,163 - INFO - supplier_conv task started.
2024-09-21 10:22:01,829 - INFO - supplier_conv task ended.
2024-09-21 10:22:01,829 - INFO - supplier quote task started.
2024-09-21 10:22:03,849 - INFO - supplier quote task ended.
2024-09-21 10:22:03,849 - INFO - responses task started.
2024-09-21 10:22:12,855 - INFO - responses task ended.
2024-09-21 10:22:12,855 - INFO - supplier_updater task started.
2024-09-21 10:25:46,763 - INFO - supplier_updater task ended.
2024-09-21 10:32:50,362 - INFO - product task started.
2024-09-21 10:32:50,509 - INFO - product task ended.
2024-09-21 10:32:50,509 - INFO - profile task started.
2024-09-21 10:32:50,572 - INFO - profile task ended.
2024-09-21 10:32:50,572 - INFO - questions task started.
2024-09-21 10:32:50,600 - INFO - questions task ended.
2024-09-21 10:32:50,600 - INFO - warehouse task started.
2024-09-21 10:32:50,650 - INFO - warehouse task ended.
2024-09-21 10:32:50,650 - INFO - supplier_conv task started.
2024-09-21 10:32:52,482 - INFO - supplier_conv task ended.
2024-09-21 10:32:52,482 - INFO - supplier quote task started.
2024-09-21 10:32:54,561 - INFO - supplier quote task ended.
2024-09-21 10:32:54,561 - INFO - responses task started.
2024-09-21 10:33:03,639 - INFO - responses task ended.
2024-09-21 10:33:03,639 - INFO - supplier_updater task started.
2024-09-21 10:36:37,554 - INFO - supplier_updater task ended.
2024-09-21 10:52:03,555 - INFO - product task started.
2024-09-21 10:52:03,706 - INFO - product task ended.
2024-09-21 10:52:03,706 - INFO - profile task started.
2024-09-21 10:52:03,770 - INFO - profile task ended.
2024-09-21 10:52:03,770 - INFO - questions task started.
2024-09-21 10:52:03,800 - INFO - questions task ended.
2024-09-21 10:52:03,800 - INFO - warehouse task started.
2024-09-21 10:52:03,849 - INFO - warehouse task ended.
2024-09-21 10:52:03,849 - INFO - supplier_conv task started.
2024-09-21 10:52:05,594 - INFO - supplier_conv task ended.
2024-09-21 10:52:05,594 - INFO - supplier quote task started.
2024-09-21 10:52:05,602 - INFO - supplier quote task error.
2024-09-21 10:52:05,602 - INFO - supplier quote task ended.
2024-09-21 10:52:05,602 - INFO - responses task started.
2024-09-21 10:52:05,602 - INFO - responses task ended.
2024-09-21 10:52:05,602 - INFO - supplier_updater task started.
2024-09-21 10:52:05,612 - INFO - supplier_updater task ended.
2024-09-21 10:52:50,653 - INFO - product task started.
2024-09-21 10:52:50,801 - INFO - product task ended.
2024-09-21 10:52:50,801 - INFO - profile task started.
2024-09-21 10:52:50,862 - INFO - profile task ended.
2024-09-21 10:52:50,862 - INFO - questions task started.
2024-09-21 10:52:50,891 - INFO - questions task ended.
2024-09-21 10:52:50,891 - INFO - warehouse task started.
2024-09-21 10:52:50,939 - INFO - warehouse task ended.
2024-09-21 10:52:50,939 - INFO - supplier_conv task started.
2024-09-21 10:52:52,616 - INFO - supplier_conv task ended.
2024-09-21 10:52:52,616 - INFO - supplier quote task started.
2024-09-21 10:52:54,643 - INFO - supplier quote task ended.
2024-09-21 10:52:54,643 - INFO - responses task started.
2024-09-21 10:52:54,643 - INFO - responses task ended.
2024-09-21 10:52:54,643 - INFO - supplier_updater task started.
2024-09-21 10:52:54,653 - INFO - supplier_updater task ended.
2024-09-21 16:50:39,950 - INFO - product task started.
2024-09-21 16:50:40,094 - INFO - product task ended.
2024-09-21 16:50:40,094 - INFO - profile task started.
2024-09-21 16:50:40,159 - INFO - profile task ended.
2024-09-21 16:50:40,159 - INFO - questions task started.
2024-09-21 16:50:40,191 - INFO - questions task ended.
2024-09-21 16:50:40,191 - INFO - warehouse task started.
2024-09-21 16:50:40,240 - INFO - warehouse task ended.
2024-09-21 16:50:40,240 - INFO - supplier_conv task started.
2024-09-21 16:50:41,938 - INFO - supplier_conv task ended.
2024-09-21 16:50:41,938 - INFO - supplier quote task started.
2024-09-21 16:50:43,975 - INFO - supplier quote task ended.
2024-09-21 16:50:43,975 - INFO - responses task started.
2024-09-21 16:50:43,975 - INFO - responses task ended.
2024-09-21 16:50:43,975 - INFO - supplier_updater task started.
2024-09-21 16:50:43,984 - INFO - supplier_updater task ended.
2024-09-21 16:56:45,375 - INFO - product task started.
2024-09-21 16:56:45,532 - INFO - product task ended.
2024-09-21 16:56:45,532 - INFO - profile task started.
2024-09-21 16:56:45,595 - INFO - profile task ended.
2024-09-21 16:56:45,595 - INFO - questions task started.
2024-09-21 16:56:45,626 - INFO - questions task ended.
2024-09-21 16:56:45,627 - INFO - warehouse task started.
2024-09-21 16:56:45,676 - INFO - warehouse task ended.
2024-09-21 16:56:45,676 - INFO - supplier_conv task started.
2024-09-21 16:56:47,447 - INFO - supplier_conv task ended.
2024-09-21 16:56:47,447 - INFO - supplier quote task started.
2024-09-21 16:56:49,770 - INFO - supplier quote task ended.
2024-09-21 16:56:49,770 - INFO - responses task started.
2024-09-21 16:56:58,628 - INFO - responses task ended.
2024-09-21 16:56:58,628 - INFO - supplier_updater task started.
2024-09-21 17:00:36,035 - INFO - supplier_updater task ended.
2024-09-21 17:45:37,617 - INFO - product task started.
2024-09-21 17:45:37,879 - INFO - product task ended.
2024-09-21 17:45:37,879 - INFO - profile task started.
2024-09-21 17:45:37,944 - INFO - profile task ended.
2024-09-21 17:45:37,944 - INFO - questions task started.
2024-09-21 17:45:37,976 - INFO - questions task ended.
2024-09-21 17:45:37,976 - INFO - warehouse task started.
2024-09-21 17:45:38,027 - INFO - warehouse task ended.
2024-09-21 17:45:38,027 - INFO - supplier_conv task started.
2024-09-21 17:45:39,924 - INFO - supplier_conv task ended.
2024-09-21 17:45:39,924 - INFO - supplier quote task started.
2024-09-21 17:45:42,082 - INFO - supplier quote task ended.
2024-09-21 17:45:42,082 - INFO - responses task started.
2024-09-21 17:45:51,851 - INFO - responses task ended.
2024-09-21 17:45:51,851 - INFO - supplier_updater task started.
2024-09-21 17:49:33,205 - INFO - supplier_updater task ended.
2024-09-21 17:54:56,102 - INFO - product task started.
2024-09-21 17:54:56,252 - INFO - product task ended.
2024-09-21 17:54:56,252 - INFO - profile task started.
2024-09-21 17:54:56,315 - INFO - profile task ended.
2024-09-21 17:54:56,315 - INFO - questions task started.
2024-09-21 17:54:56,344 - INFO - questions task ended.
2024-09-21 17:54:56,344 - INFO - warehouse task started.
2024-09-21 17:54:56,394 - INFO - warehouse task ended.
2024-09-21 17:54:56,394 - INFO - supplier_conv task started.
2024-09-21 17:54:58,216 - INFO - supplier_conv task ended.
2024-09-21 17:54:58,216 - INFO - supplier quote task started.
2024-09-21 17:55:00,338 - INFO - supplier quote task ended.
2024-09-21 17:55:00,338 - INFO - responses task started.
2024-09-21 17:55:08,889 - INFO - responses task ended.
2024-09-21 17:55:08,889 - INFO - supplier_updater task started.
2024-09-21 17:58:42,433 - INFO - supplier_updater task ended.
